2023-11-06 21:42:26 [INFO] Logger started
2023-11-06 21:42:26 [DEBUG] Reading config file...
2023-11-06 21:42:26 [DEBUG] Read key-value pair: [USERNAME][second]
2023-11-06 21:42:26 [DEBUG] Read key-value pair: [PORT_NUMBER][8080]
2023-11-06 21:42:26 [DEBUG] Read key-value pair: [BUFFER_SIZE][1024]
2023-11-06 21:42:26 [DEBUG] Read key-value pair: [CHAT_HISTORY_SIZE][10]
2023-11-06 21:42:26 [DEBUG] Read key-value pair: [IP_ADDRESS][127.0.0.1]
2023-11-06 21:42:26 [DEBUG] ...Finished reading config file
2023-11-06 21:42:26 [DEBUG] Connected to server
2023-11-06 21:42:27 [DEBUG] New user
2023-11-06 21:42:28 [DEBUG] Sending data to server: "new_user:second:fdsa:10"
2023-11-06 21:42:28 [DEBUG] Sent handshake message to server
2023-11-06 21:42:28 [DEBUG] Sent handshake message to server
2023-11-06 21:42:28 [DEBUG] ...Received message from server: "21:42:28 [server]: Client [second][new_user] connected.;", pushing to output_queue...
2023-11-06 21:42:28 [DEBUG] Displayed message from server: 21:42:28 [server]: Client [second][new_user] connected.
2023-11-06 21:42:35 [DEBUG] ...Received message from server: "21:42:35 [first]: hey, sec!;", pushing to output_queue...
2023-11-06 21:42:35 [DEBUG] Displayed message from server: 21:42:35 [first]: hey, sec!
2023-11-06 21:42:39 [DEBUG] Pushed user input "hi, first!" to input_queue
2023-11-06 21:42:39 [DEBUG] Popped user input "hi, first!" from input_queue, sending to server...
2023-11-06 21:42:39 [DEBUG] Sending data to server: "hi, first!"
2023-11-06 21:42:39 [DEBUG] ...Sent user input to server
2023-11-06 21:42:46 [DEBUG] ...Received message from server: "21:42:46 [server]: Client [third][new_user] connected.;", pushing to output_queue...
2023-11-06 21:42:46 [DEBUG] Displayed message from server: 21:42:46 [server]: Client [third][new_user] connected.
2023-11-06 21:42:51 [DEBUG] ...Received message from server: "21:42:51 [server]: Client [first] disconnected.;", pushing to output_queue...
2023-11-06 21:42:51 [DEBUG] Displayed message from server: 21:42:51 [server]: Client [first] disconnected.
2023-11-06 21:42:55 [DEBUG] ...Received message from server: "21:42:55 [server]: Client [first][existing_user] connected.;", pushing to output_queue...
2023-11-06 21:42:55 [DEBUG] Displayed message from server: 21:42:55 [server]: Client [first][existing_user] connected.
2023-11-06 21:43:14 [DEBUG] ...Received message from server: "21:43:14 [server]: Client [first] disconnected.;", pushing to output_queue...
2023-11-06 21:43:14 [DEBUG] Displayed message from server: 21:43:14 [server]: Client [first] disconnected.
