2023-12-19 20:05:43 [INFO] Logger started
2023-12-19 20:05:43 [DEBUG] Creating server socket...
2023-12-19 20:05:43 [DEBUG] ...Server socket created
2023-12-19 20:05:43 [DEBUG] Binding server socket...
2023-12-19 20:05:43 [DEBUG] ...Server socket bound
2023-12-19 20:05:43 [DEBUG] Listening on server socket...
2023-12-19 20:05:43 [DEBUG] ...Server socket listening
2023-12-19 20:05:54 [DEBUG] Client connected
2023-12-19 20:05:56 [DEBUG] Handshake message: "new_user:first:123:10"
2023-12-19 20:05:56 [DEBUG] Client connected: first:123
2023-12-19 20:05:56 [DEBUG] Writing new user's info: first:123 to database...
2023-12-19 20:05:56 [DEBUG] ...New user's info written to database
2023-12-19 20:05:56 [DEBUG] Creating client thread...
2023-12-19 20:05:56 [DEBUG] Broadcasting message: 20:05:56 [server]: Client [first][new_user] connected....
2023-12-19 20:05:56 [DEBUG] ...Message broadcasted to client 5
2023-12-19 20:06:07 [DEBUG] Client connected
2023-12-19 20:06:10 [DEBUG] Handshake message: "new_user:second:678:10"
2023-12-19 20:06:10 [DEBUG] Client connected: second:678
2023-12-19 20:06:10 [DEBUG] Writing new user's info: second:678 to database...
2023-12-19 20:06:10 [DEBUG] ...New user's info written to database
2023-12-19 20:06:10 [DEBUG] Creating client thread...
2023-12-19 20:06:10 [DEBUG] Broadcasting message: 20:06:10 [server]: Client [second][new_user] connected....
2023-12-19 20:06:10 [DEBUG] ...Message broadcasted to client 5
2023-12-19 20:06:10 [DEBUG] ...Message broadcasted to client 6
2023-12-19 20:06:11 [DEBUG] Received message from client: ewgw!
2023-12-19 20:06:11 [DEBUG] Broadcasting message: 20:06:11 [second]: ewgw!...
2023-12-19 20:06:11 [DEBUG] ...Message broadcasted to client 5
2023-12-19 20:06:13 [DEBUG] Received message from client: eopkhko!
2023-12-19 20:06:13 [DEBUG] Broadcasting message: 20:06:13 [second]: eopkhko!...
2023-12-19 20:06:13 [DEBUG] ...Message broadcasted to client 5
2023-12-19 20:06:16 [DEBUG] Received message from client: wehewh!
2023-12-19 20:06:16 [DEBUG] Broadcasting message: 20:06:16 [first]: wehewh!...
2023-12-19 20:06:16 [DEBUG] ...Message broadcasted to client 6
2023-12-19 20:06:25 [DEBUG] Broadcasting message: 20:06:25 [server]: client[first]changed their name to toto...
2023-12-19 20:06:25 [DEBUG] ...Message broadcasted to client 5
2023-12-19 20:06:25 [DEBUG] ...Message broadcasted to client 6
2023-12-19 20:06:28 [DEBUG] Received message from client: wegwg!
2023-12-19 20:06:28 [DEBUG] Broadcasting message: 20:06:28 [toto]: wegwg!...
2023-12-19 20:06:28 [DEBUG] ...Message broadcasted to client 6
2023-12-19 20:06:30 [DEBUG] Received message from client: wegwg!
2023-12-19 20:06:30 [DEBUG] Broadcasting message: 20:06:30 [second]: wegwg!...
2023-12-19 20:06:30 [DEBUG] ...Message broadcasted to client 5
2023-12-19 20:06:51 [ERROR] Client disconnected
2023-12-19 20:06:51 [DEBUG] Broadcasting message: 20:06:51 [server]: Client [toto] disconnected....
2023-12-19 20:06:51 [DEBUG] ...Message broadcasted to client 6
2023-12-19 20:06:57 [DEBUG] Client connected
2023-12-19 20:07:01 [DEBUG] Handshake message: "new_user:toto:123:10"
2023-12-19 20:07:01 [DEBUG] Client connected: toto:123
2023-12-19 20:07:01 [DEBUG] Writing new user's info: toto:123 to database...
2023-12-19 20:07:01 [DEBUG] Creating client thread...
2023-12-19 20:07:01 [DEBUG] Broadcasting message: 20:07:01 [server]: Client [toto][new_user] connected....
2023-12-19 20:07:01 [DEBUG] ...Message broadcasted to client 6
2023-12-19 20:07:01 [DEBUG] ...Message broadcasted to client 7
2023-12-19 20:07:04 [DEBUG] Received message from client: erkgeog!
2023-12-19 20:07:04 [DEBUG] Broadcasting message: 20:07:04 [toto]: erkgeog!...
2023-12-19 20:07:04 [DEBUG] ...Message broadcasted to client 6
2023-12-19 20:07:08 [ERROR] Client disconnected
2023-12-19 20:07:08 [DEBUG] Broadcasting message: 20:07:08 [server]: Client [toto] disconnected....
2023-12-19 20:07:08 [DEBUG] ...Message broadcasted to client 6
2023-12-19 20:07:12 [ERROR] Client disconnected
2023-12-19 20:07:12 [DEBUG] Broadcasting message: 20:07:12 [server]: Client [second] disconnected....
